0.486554   0.496025   -0.482306
-0.327616   -0.326332   -0.498069
-0.484528   -0.346459   -0.327617
-0.332167   0.481896   -0.337311
-0.189988   0.490618   0.493878
-0.00712085   -0.324054   0.490483
-0.171982   -0.339848   -0.338458
-0.0257841   -0.497886   -0.337716
0.162712   -0.491213   0.489398
0.349961   -0.330062   0.487384
0.149445   -0.330962   -0.356289
0.331442   -0.483754   -0.33812
0.482427   -0.163746   -0.493176
-0.318741   0.00242385   0.493941
-0.49473   -0.00466257   -0.332573
-0.340058   -0.182173   -0.347306
-0.168284   -0.15207   0.494772
-0.00727176   0.0131107   0.499579
-0.176932   0.00621414   -0.333021
-0.00481364   -0.155997   -0.332614
0.155777   -0.149177   -0.495576
0.31516   0.00620747   0.494662
0.163805   -0.0114468   -0.329979
0.324414   -0.165757   -0.339383
-0.491039   0.161288   0.483733
-0.341739   0.31456   0.494361
-0.482536   0.321665   -0.325334
-0.327865   0.154634   -0.312797
-0.155263   0.169267   -0.498269
-0.0167182   0.330478   0.495258
-0.186491   0.316879   -0.327628
-0.00173584   0.15141   -0.321788
0.155483   0.189551   -0.48825
0.340258   0.338897   -0.48271
0.177768   0.351344   -0.320434
0.341397   0.178217   -0.335596
-0.492107   0.482776   -0.158428
-0.33463   -0.35558   -0.165002
0.499531   -0.323483   -0.0121511
-0.331108   0.495812   0.00742185
-0.167776   0.493472   -0.17025
-0.00892427   -0.345864   -0.19755
-0.178642   -0.331193   -0.0156398
0.00696325   -0.492475   -0.0063726
0.185486   -0.488447   -0.15918
0.325908   -0.332991   -0.172745
0.157111   -0.325121   -0.00761247
0.355871   -0.486579   0.01839
0.497047   -0.176652   -0.175217
-0.342667   -0.0159237   -0.162399
-0.49717   0.00963384   -0.000347247
-0.34774   -0.149185   -0.0023081
-0.164036   -0.155718   -0.172778
0.00211417   -0.00732282   -0.181451
-0.168802   0.0138642   -0.015263
-0.00162435   -0.170004   -0.00875486
0.160956   -0.180569   -0.180285
0.332363   -0.0306242   -0.159797
0.187758   0.00319009   0.00477993
0.328008   -0.170715   0.0257099
-0.493128   0.161013   -0.15942
-0.3273   0.341909   -0.150729
0.481114   0.323773   0.0124599
-0.339041   0.170331   -0.00380601
-0.171948   0.177798   -0.133192
0.00374954   0.360944   -0.176052
-0.149044   0.331836   0.00110183
0.0145849   0.156417   -0.0208525
0.175512   0.148392   -0.16824
0.349042   0.339143   -0.180703
0.179482   0.345122   -0.00637178
0.329299   0.155579   -0.0234727
0.488259   0.489016   0.183516
-0.351418   -0.351199   0.154344
-0.481799   -0.324147   0.322866
-0.356247   0.498974   0.341552
-0.160832   -0.487865   0.19927
0.022026   -0.334597   0.161937
-0.166323   -0.333334   0.349009
0.0109449   0.495971   0.341037
0.185464   0.494891   0.16374
0.348358   -0.320524   0.178338
0.170582   -0.318367   0.345175
0.332822   -0.494502   0.333134
-0.484724   -0.142789   0.169537
-0.318017   -0.00598792   0.168083
0.480725   0.00403465   0.335764
-0.330213   -0.150647   0.348126
-0.159402   -0.182192   0.158806
0.00209048   0.00419578   0.154213
-0.141717   0.000306541   0.315577
0.0177826   -0.159109   0.329868
0.156442   -0.16828   0.162484
0.31939   -0.0127668   0.190449
0.17363   0.00758518   0.325646
0.338127   -0.154805   0.350725
0.479522   0.158992   0.17067
-0.345255   0.329252   0.158982
0.49145   0.328572   0.344857
-0.320069   0.141833   0.323593
-0.157717   0.153669   0.16143
0.00622377   0.344779   0.166342
-0.18136   0.323405   0.312736
0.000665182   0.168718   0.327504
0.158459   0.167877   0.174526
0.340725   0.337329   0.180177
0.167782   0.328906   0.330776
0.324212   0.171164   0.356591
