0.70333   0.364948   0.487331
0.709188   -0.0284647   0.670745
-0.58792   0.422695   0.450894
0.730479   0.199786   -0.335207
-0.0339955   0.504654   0.221022
-1.58172   0.0991404   0.924886
0.645183   -0.886921   2.27237
-0.810643   -0.384833   -0.764232
-0.155842   -0.168008   -0.460514
-0.00999392   -0.729099   0.754569
0.589329   -0.583672   1.21237
-0.693934   0.525066   0.682115
0.0297133   0.0332966   -0.811664
-1.2932   -0.786874   -0.0852397
0.226139   -0.192874   -0.303871
-0.615234   -2.12961   0.742058
0.270432   0.591586   0.0371848
1.22396   0.207684   -0.101008
0.78822   1.71741   0.57212
-0.0576586   0.240005   -1.42725
0.323769   -1.63413   0.778466
0.729071   0.0372102   -0.303933
-0.691205   0.608962   0.427858
-0.476554   1.03074   -0.470038
0.152184   -1.30561   1.28579
-1.15507   -0.171786   -0.79773
1.76311   -0.1004   -0.19134
0.740785   -0.161537   -0.202695
-0.550438   0.595129   0.32644
-0.111564   -0.144079   0.780303
-0.446306   -0.931895   -0.631985
-0.150507   -0.135387   1.17653
0.574841   -0.00561512   -0.121644
-0.984291   1.31035   -0.194284
-0.532967   0.623448   -1.79841
0.471946   -0.339265   -0.751982
-1.82395   -0.867696   -0.260981
0.0598618   0.446717   -0.190683
-0.355907   0.374875   -1.39367
0.655159   0.859655   0.0714857
1.0798   2.3399   -1.0522
0.928648   -0.413324   -1.03109
-0.150133   0.145877   0.611375
0.185127   0.488076   -0.225168
-0.142446   0.264087   -0.939699
-0.186764   0.420023   0.00948573
-1.86826   -0.0666486   -1.41434
-0.160078   0.03276   0.704288
0.328567   -0.439318   -0.288015
1.12847   -0.0421305   0.872781
0.812432   -1.13078   0.583052
0.391964   -0.883703   -0.320704
0.0486297   -0.142111   -0.560434
1.05573   0.80626   -0.261883
0.324285   0.349798   -0.59802
-0.767567   0.615563   -0.572552
-0.532164   1.1817   0.102958
-0.0300043   1.2498   0.492244
1.20828   -0.936297   -0.104617
1.24603   -0.351738   0.571014
0.772705   0.326631   1.28517
-1.19165   -0.629335   -1.21539
-0.798976   -1.07185   -0.346063
-0.79195   0.706611   0.89544
-2.06529   -0.43098   -0.615009
-0.412148   -1.42605   -0.17421
0.0189658   0.687587   -0.989439
-1.32815   -0.172678   -0.413296
1.03817   0.61418   -1.10248
1.14   0.756519   0.14333
0.904249   0.797304   1.02616
0.46455   -0.794724   0.682656
-1.55176   1.1684   -1.63952
-0.907922   0.757351   -0.188872
-0.454108   -1.33083   -2.03483
0.333439   1.03287   0.590324
-0.592118   -1.7341   -1.82055
-0.314189   0.946392   -0.0868336
0.0532268   -0.617541   -0.369851
-1.32019   -0.056995   1.9901
-0.982188   -0.613257   -0.35787
0.966894   0.964912   -0.737368
0.823413   1.04745   0.814031
-2.19539   0.483964   0.62494
1.79813   0.57981   0.950282
0.800074   0.0134371   0.20266
0.565019   -0.381101   -0.960372
-0.854189   -0.184921   -0.0784239
-0.283446   -1.89774   1.01305
-0.0351546   -1.4011   -0.384514
0.230292   0.663638   -0.0586306
-0.777125   -1.37904   0.117265
-0.10204   0.251561   0.920252
0.597102   0.915266   1.21158
1.21158   -0.209685   -0.573587
-0.480414   -0.765361   -1.64405
0.372733   1.42123   0.752646
1.2021   -1.33668   -1.64403
1.12586   0.822529   -0.0684667
0.787385   0.0311689   -1.0724
0.406042   -1.20514   0.857662
0.202118   0.481707   1.23934
-1.31518   -0.123933   2.47776
0.87528   -0.213154   0.478852
-0.554989   0.432052   1.27185
-0.124151   -0.509132   0.0616374
0.10279   -0.177579   -0.617933
-0.527737   0.16694   0.732367
